<?xml version="1.0" encoding="UTF-8"?>
<!-- Generated by org.testng.reporters.JUnitXMLReporter -->
<testsuite hostname="DESKTOP-P20C76C" ignored="0" name="Default test" tests="2" failures="0" timestamp="31 May 2020 06:44:04 GMT" time="8.735" errors="0">
  <testcase name="openHelpAboutNotepad" time="2.219" classname="org.qa.winApp_automation.Win_App_Automation"/>
  <testcase name="sendTextTest" time="2.791" classname="org.qa.winApp_automation.Win_App_Automation"/>
</testsuite> <!-- Default test -->
